
ROM used:   178/8192 (2%)
            178/8192 (2%) including unused fragments

            0.2 Average locations per line
            5.7 Average locations per statement

RAM used:   7/368 (2%) at main() level
            8/368 (2%) worst case

Stack used: 1 worst case (1 in main + 0 for interrupts)
Stack size: 8

Lines Stmts  %   Files
----- ----- ---  -----
   78    31 100  semaforo.c
   10     0   0  semaforo.h
  661     0   0  ..\..\..\..\..\..\Program Files (x86)\PICC\Devices\16F877A.h
----- -----
  749    31 Total

Page ROM  %  RAM   Vol Diff  Functions:
---- --- --- ---   --- ----  ----------
0     20  11    1             @delay_ms1
0    154  87    2   805  4.8  main
 Inline         0             @cinit1

Program metrics:
    Functions               1
    Statements              31
    Comments                120
    Volume (V)              810
    Difficulty (D)          4.7
    Effort to implement (E) 3800
    Time to implement (T)   4 minutes
    Est Delivered Bugs (B)  0
    Cyclomatic Complexity   2
    Maintainability (MI)    32

 Segment     Used  Free
-----------  ----  ----
00000-00003     4  0  
00004-007FF   174  1870  
00800-00FFF     0  2048  
01000-017FF     0  2048  
01800-01FFF     0  2048  



