
ROM used:   573/8192 (7%)
            573/8192 (7%) including unused fragments

            0.6 Average locations per line
            4.7 Average locations per statement

RAM used:   28/368 (8%) at main() level
            33/368 (9%) worst case

Stack used: 3 worst case (2 in main + 1 for interrupts)
Stack size: 8

Lines Stmts  %   Files
----- ----- ---  -----
  142    77  63  teclado_matricial.c
  661     0   0  ..\..\..\..\Program Files (x86)\PICC\Devices\16F877A.h
  105    45  37  flex_kbd.c
----- -----
  908   122 Total

Page ROM  %  RAM   Vol Diff  Functions:
---- --- --- ---   --- ----  ----------
0     22   4    1             @delay_ms1
0     16   3    0             @const619
0      3   1    0     3  0.0  kbd_init
0     37   6    1   125  3.0  ALL_ROWS
0    157  27    3  1288  8.5  kbd_getc
 Inline         2             @MUL88
0    116  20    1   685  6.6  RTCC_isr
0    175  31    1  1285  7.9  MAIN
 Inline         0             @cinit1

Program metrics:
    Functions               5
    Statements              122
    Comments                134
    Volume (V)              4375
    Difficulty (D)          26.8
    Effort to implement (E) 117050
    Time to implement (T)   1 hours, 48 minutes
    Est Delivered Bugs (B)  1
    Cyclomatic Complexity   32
    Maintainability (MI)    132

 Segment     Used  Free
-----------  ----  ----
00000-00003     4  0  
00004-0002E    43  0  
0002F-007FF   526  1475  
00800-00FFF     0  2048  
01000-017FF     0  2048  
01800-01FFF     0  2048  



